 ******* Program HYDRUS
 ******* 
 Welcome to HYDRUS-1D                                                    
 Date:  17. 8.2020    Time:   6:17:56
 Units: L = m    , T = min  , M = mmol 


 Time:        0.0000


 Node      Depth      Head Moisture       K          C         Flux        Sink         Kappa   v/KsTop   Temp
           [L]        [L]    [-]        [L/T]      [1/L]      [L/T]        [1/T]         [-]      [-]      [C]

   1     0.0000    -100.000 0.2393   0.1067E-12  0.1373E-03 -0.1067E-12  0.0000E+00      -1  -0.356E-07   20.00
   2    -0.0500    -100.000 0.2393   0.1067E-12  0.1373E-03 -0.1067E-12  0.0000E+00      -1  -0.356E-07   20.00
   3    -0.1000    -100.000 0.2393   0.1067E-12  0.1373E-03 -0.1067E-12  0.0000E+00      -1  -0.356E-07   20.00
   4    -0.1500    -100.000 0.2393   0.1067E-12  0.1373E-03 -0.1067E-12  0.0000E+00      -1  -0.356E-07   20.00
   5    -0.2000    -100.000 0.2393   0.1067E-12  0.1373E-03 -0.1067E-12  0.0000E+00      -1  -0.356E-07   20.00
   6    -0.2500    -100.000 0.2393   0.1067E-12  0.1373E-03 -0.1067E-12  0.0000E+00      -1  -0.356E-07   20.00
   7    -0.3000    -100.000 0.2393   0.1067E-12  0.1373E-03 -0.1067E-12  0.0000E+00      -1  -0.356E-07   20.00
   8    -0.3500    -100.000 0.2393   0.1067E-12  0.1373E-03 -0.1067E-12  0.0000E+00      -1  -0.356E-07   20.00
   9    -0.4000    -100.000 0.2393   0.1067E-12  0.1373E-03 -0.1067E-12  0.0000E+00      -1  -0.356E-07   20.00
  10    -0.4500    -100.000 0.2393   0.1067E-12  0.1373E-03 -0.1067E-12  0.0000E+00      -1  -0.356E-07   20.00
  11    -0.5000    -100.000 0.2393   0.1067E-12  0.1373E-03 -0.1067E-12  0.0000E+00      -1  -0.356E-07   20.00
  12    -0.5500    -100.000 0.2393   0.1067E-12  0.1373E-03 -0.1067E-12  0.0000E+00      -1  -0.356E-07   20.00
  13    -0.6000    -100.000 0.2393   0.1067E-12  0.1373E-03 -0.1067E-12  0.0000E+00      -1  -0.356E-07   20.00
  14    -0.6500    -100.000 0.2393   0.1067E-12  0.1373E-03 -0.1067E-12  0.0000E+00      -1  -0.356E-07   20.00
  15    -0.7000    -100.000 0.2393   0.1067E-12  0.1373E-03 -0.1067E-12  0.0000E+00      -1  -0.356E-07   20.00
  16    -0.7500    -100.000 0.2393   0.1067E-12  0.1373E-03 -0.1067E-12  0.0000E+00      -1  -0.356E-07   20.00
  17    -0.8000    -100.000 0.2393   0.1067E-12  0.1373E-03 -0.1067E-12  0.0000E+00      -1  -0.356E-07   20.00
  18    -0.8500    -100.000 0.2393   0.1067E-12  0.1373E-03 -0.1067E-12  0.0000E+00      -1  -0.356E-07   20.00
  19    -0.9000    -100.000 0.2393   0.1067E-12  0.1373E-03 -0.1067E-12  0.0000E+00      -1  -0.356E-07   20.00
  20    -0.9500    -100.000 0.2393   0.1067E-12  0.1373E-03 -0.3295E-11  0.0000E+00      -1  -0.110E-05   20.00
  21    -1.0000    -100.000 0.2685   0.1286E-10  0.1740E-03 -0.9672E-11  0.0000E+00      -1  -0.322E-05   20.00
  22    -1.0500    -100.000 0.2685   0.1286E-10  0.1740E-03 -0.1286E-10  0.0000E+00      -1  -0.429E-05   20.00
  23    -1.1000    -100.000 0.2685   0.1286E-10  0.1740E-03 -0.1286E-10  0.0000E+00      -1  -0.429E-05   20.00
  24    -1.1500    -100.000 0.2685   0.1286E-10  0.1740E-03 -0.1286E-10  0.0000E+00      -1  -0.429E-05   20.00
  25    -1.2000    -100.000 0.2685   0.1286E-10  0.1740E-03 -0.1286E-10  0.0000E+00      -1  -0.429E-05   20.00
  26    -1.2500    -100.000 0.2685   0.1286E-10  0.1740E-03 -0.1286E-10  0.0000E+00      -1  -0.429E-05   20.00
  27    -1.3000    -100.000 0.2685   0.1286E-10  0.1740E-03 -0.1286E-10  0.0000E+00      -1  -0.429E-05   20.00
  28    -1.3500    -100.000 0.2685   0.1286E-10  0.1740E-03 -0.1286E-10  0.0000E+00      -1  -0.429E-05   20.00
  29    -1.4000    -100.000 0.2685   0.1286E-10  0.1740E-03 -0.1286E-10  0.0000E+00      -1  -0.429E-05   20.00
  30    -1.4500    -100.000 0.2685   0.1286E-10  0.1740E-03 -0.1286E-10  0.0000E+00      -1  -0.429E-05   20.00
  31    -1.5000    -100.000 0.2685   0.1286E-10  0.1740E-03 -0.1286E-10  0.0000E+00      -1  -0.429E-05   20.00
  32    -1.5500    -100.000 0.2685   0.1286E-10  0.1740E-03 -0.1286E-10  0.0000E+00      -1  -0.429E-05   20.00
  33    -1.6000    -100.000 0.2685   0.1286E-10  0.1740E-03 -0.1286E-10  0.0000E+00      -1  -0.429E-05   20.00
  34    -1.6500    -100.000 0.2685   0.1286E-10  0.1740E-03 -0.1286E-10  0.0000E+00      -1  -0.429E-05   20.00
  35    -1.7000    -100.000 0.2685   0.1286E-10  0.1740E-03 -0.1286E-10  0.0000E+00      -1  -0.429E-05   20.00
  36    -1.7500    -100.000 0.2685   0.1286E-10  0.1740E-03 -0.1286E-10  0.0000E+00      -1  -0.429E-05   20.00
  37    -1.8000    -100.000 0.2685   0.1286E-10  0.1740E-03 -0.1286E-10  0.0000E+00      -1  -0.429E-05   20.00
  38    -1.8500    -100.000 0.2685   0.1286E-10  0.1740E-03 -0.1286E-10  0.0000E+00      -1  -0.429E-05   20.00
  39    -1.9000    -100.000 0.2685   0.1286E-10  0.1740E-03 -0.1286E-10  0.0000E+00      -1  -0.429E-05   20.00
  40    -1.9500    -100.000 0.2685   0.1286E-10  0.1740E-03 -0.1286E-10  0.0000E+00      -1  -0.429E-05   20.00
  41    -2.0000    -100.000 0.2685   0.1286E-10  0.1740E-03 -0.1286E-10  0.0000E+00      -1  -0.429E-05   20.00
  42    -2.0500    -100.000 0.2685   0.1286E-10  0.1740E-03 -0.1286E-10  0.0000E+00      -1  -0.429E-05   20.00
  43    -2.1000    -100.000 0.2685   0.1286E-10  0.1740E-03 -0.1286E-10  0.0000E+00      -1  -0.429E-05   20.00
  44    -2.1500    -100.000 0.2685   0.1286E-10  0.1740E-03 -0.1286E-10  0.0000E+00      -1  -0.429E-05   20.00
  45    -2.2000    -100.000 0.2685   0.1286E-10  0.1740E-03 -0.1286E-10  0.0000E+00      -1  -0.429E-05   20.00
  46    -2.2500    -100.000 0.2685   0.1286E-10  0.1740E-03 -0.1286E-10  0.0000E+00      -1  -0.429E-05   20.00
  47    -2.3000    -100.000 0.2685   0.1286E-10  0.1740E-03 -0.1286E-10  0.0000E+00      -1  -0.429E-05   20.00
  48    -2.3500    -100.000 0.2685   0.1286E-10  0.1740E-03 -0.1286E-10  0.0000E+00      -1  -0.429E-05   20.00
  49    -2.4000    -100.000 0.2685   0.1286E-10  0.1740E-03 -0.1286E-10  0.0000E+00      -1  -0.429E-05   20.00
  50    -2.4500    -100.000 0.2685   0.1286E-10  0.1740E-03 -0.1286E-10  0.0000E+00      -1  -0.429E-05   20.00
  51    -2.5000    -100.000 0.2685   0.1286E-10  0.1740E-03 -0.1286E-10  0.0000E+00      -1  -0.429E-05   20.00
  52    -2.5500    -100.000 0.2685   0.1286E-10  0.1740E-03 -0.1286E-10  0.0000E+00      -1  -0.429E-05   20.00
  53    -2.6000    -100.000 0.2685   0.1286E-10  0.1740E-03 -0.1286E-10  0.0000E+00      -1  -0.429E-05   20.00
  54    -2.6500    -100.000 0.2685   0.1286E-10  0.1740E-03 -0.1286E-10  0.0000E+00      -1  -0.429E-05   20.00
  55    -2.7000    -100.000 0.2685   0.1286E-10  0.1740E-03 -0.1286E-10  0.0000E+00      -1  -0.429E-05   20.00
  56    -2.7500    -100.000 0.2685   0.1286E-10  0.1740E-03 -0.1286E-10  0.0000E+00      -1  -0.429E-05   20.00
  57    -2.8000    -100.000 0.2685   0.1286E-10  0.1740E-03 -0.1286E-10  0.0000E+00      -1  -0.429E-05   20.00
  58    -2.8500    -100.000 0.2685   0.1286E-10  0.1740E-03 -0.1286E-10  0.0000E+00      -1  -0.429E-05   20.00
  59    -2.9000    -100.000 0.2685   0.1286E-10  0.1740E-03 -0.1286E-10  0.0000E+00      -1  -0.429E-05   20.00
  60    -2.9500    -100.000 0.2685   0.1286E-10  0.1740E-03 -0.1286E-10  0.0000E+00      -1  -0.429E-05   20.00
  61    -3.0000    -100.000 0.2685   0.1286E-10  0.1740E-03 -0.1286E-10  0.0000E+00      -1  -0.429E-05   20.00
  62    -3.0500    -100.000 0.2685   0.1286E-10  0.1740E-03 -0.1286E-10  0.0000E+00      -1  -0.429E-05   20.00
  63    -3.1000    -100.000 0.2685   0.1286E-10  0.1740E-03 -0.1286E-10  0.0000E+00      -1  -0.429E-05   20.00
  64    -3.1500    -100.000 0.2685   0.1286E-10  0.1740E-03 -0.1286E-10  0.0000E+00      -1  -0.429E-05   20.00
  65    -3.2000    -100.000 0.2685   0.1286E-10  0.1740E-03 -0.1286E-10  0.0000E+00      -1  -0.429E-05   20.00
  66    -3.2500    -100.000 0.2685   0.1286E-10  0.1740E-03 -0.1286E-10  0.0000E+00      -1  -0.429E-05   20.00
  67    -3.3000    -100.000 0.2685   0.1286E-10  0.1740E-03 -0.1286E-10  0.0000E+00      -1  -0.429E-05   20.00
  68    -3.3500    -100.000 0.2685   0.1286E-10  0.1740E-03 -0.1286E-10  0.0000E+00      -1  -0.429E-05   20.00
  69    -3.4000    -100.000 0.2685   0.1286E-10  0.1740E-03 -0.1286E-10  0.0000E+00      -1  -0.429E-05   20.00
  70    -3.4500    -100.000 0.2685   0.1286E-10  0.1740E-03 -0.1286E-10  0.0000E+00      -1  -0.429E-05   20.00
  71    -3.5000    -100.000 0.2685   0.1286E-10  0.1740E-03 -0.1286E-10  0.0000E+00      -1  -0.429E-05   20.00
  72    -3.5500    -100.000 0.2685   0.1286E-10  0.1740E-03 -0.1286E-10  0.0000E+00      -1  -0.429E-05   20.00
  73    -3.6000    -100.000 0.2685   0.1286E-10  0.1740E-03 -0.1286E-10  0.0000E+00      -1  -0.429E-05   20.00
  74    -3.6500    -100.000 0.2685   0.1286E-10  0.1740E-03 -0.1286E-10  0.0000E+00      -1  -0.429E-05   20.00
  75    -3.7000    -100.000 0.2685   0.1286E-10  0.1740E-03 -0.1286E-10  0.0000E+00      -1  -0.429E-05   20.00
  76    -3.7500    -100.000 0.2685   0.1286E-10  0.1740E-03 -0.1286E-10  0.0000E+00      -1  -0.429E-05   20.00
  77    -3.8000    -100.000 0.2685   0.1286E-10  0.1740E-03 -0.1286E-10  0.0000E+00      -1  -0.429E-05   20.00
  78    -3.8500    -100.000 0.2685   0.1286E-10  0.1740E-03 -0.1286E-10  0.0000E+00      -1  -0.429E-05   20.00
  79    -3.9000    -100.000 0.2685   0.1286E-10  0.1740E-03 -0.1286E-10  0.0000E+00      -1  -0.429E-05   20.00
  80    -3.9500    -100.000 0.2685   0.1286E-10  0.1740E-03 -0.1286E-10  0.0000E+00      -1  -0.429E-05   20.00
  81    -4.0000    -100.000 0.2685   0.1286E-10  0.1740E-03 -0.1286E-10  0.0000E+00      -1  -0.429E-05   20.00
  82    -4.0500    -100.000 0.2685   0.1286E-10  0.1740E-03 -0.1286E-10  0.0000E+00      -1  -0.429E-05   20.00
  83    -4.1000    -100.000 0.2685   0.1286E-10  0.1740E-03 -0.1286E-10  0.0000E+00      -1  -0.429E-05   20.00
  84    -4.1500    -100.000 0.2685   0.1286E-10  0.1740E-03 -0.1286E-10  0.0000E+00      -1  -0.429E-05   20.00
  85    -4.2000    -100.000 0.2685   0.1286E-10  0.1740E-03 -0.1286E-10  0.0000E+00      -1  -0.429E-05   20.00
  86    -4.2500    -100.000 0.2685   0.1286E-10  0.1740E-03 -0.1286E-10  0.0000E+00      -1  -0.429E-05   20.00
  87    -4.3000    -100.000 0.2685   0.1286E-10  0.1740E-03 -0.1286E-10  0.0000E+00      -1  -0.429E-05   20.00
  88    -4.3500    -100.000 0.2685   0.1286E-10  0.1740E-03 -0.1286E-10  0.0000E+00      -1  -0.429E-05   20.00
  89    -4.4000    -100.000 0.2685   0.1286E-10  0.1740E-03 -0.1286E-10  0.0000E+00      -1  -0.429E-05   20.00
  90    -4.4500    -100.000 0.2685   0.1286E-10  0.1740E-03 -0.1286E-10  0.0000E+00      -1  -0.429E-05   20.00
  91    -4.5000    -100.000 0.2685   0.1286E-10  0.1740E-03 -0.1286E-10  0.0000E+00      -1  -0.429E-05   20.00
  92    -4.5500    -100.000 0.2685   0.1286E-10  0.1740E-03 -0.1286E-10  0.0000E+00      -1  -0.429E-05   20.00
  93    -4.6000    -100.000 0.2685   0.1286E-10  0.1740E-03 -0.1286E-10  0.0000E+00      -1  -0.429E-05   20.00
  94    -4.6500    -100.000 0.2685   0.1286E-10  0.1740E-03 -0.1286E-10  0.0000E+00      -1  -0.429E-05   20.00
  95    -4.7000    -100.000 0.2685   0.1286E-10  0.1740E-03 -0.1286E-10  0.0000E+00      -1  -0.429E-05   20.00
  96    -4.7500    -100.000 0.2685   0.1286E-10  0.1740E-03 -0.1286E-10  0.0000E+00      -1  -0.429E-05   20.00
  97    -4.8000    -100.000 0.2685   0.1286E-10  0.1740E-03 -0.1286E-10  0.0000E+00      -1  -0.429E-05   20.00
  98    -4.8500    -100.000 0.2685   0.1286E-10  0.1740E-03 -0.1286E-10  0.0000E+00      -1  -0.429E-05   20.00
  99    -4.9000    -100.000 0.2685   0.1286E-10  0.1740E-03 -0.1286E-10  0.0000E+00      -1  -0.429E-05   20.00
 100    -4.9500    -100.000 0.2685   0.1286E-10  0.1740E-03 -0.1286E-10  0.0000E+00      -1  -0.429E-05   20.00
 101    -5.0000    -100.000 0.2685   0.1286E-10  0.1740E-03 -0.1286E-10  0.0000E+00      -1  -0.429E-05   20.00
end


 Time:    44640.0000


 Node      Depth      Head Moisture       K          C         Flux        Sink         Kappa   v/KsTop   Temp
           [L]        [L]    [-]        [L/T]      [1/L]      [L/T]        [1/T]         [-]      [-]      [C]

   1     0.0000   -1000.000 0.2175   0.1425E-15  0.6139E-05  0.9925E-07  0.0000E+00      -1   0.331E-01   20.00
   2    -0.0500     -20.812 0.2681   0.1014E-10  0.1151E-02  0.5007E-07  0.0000E+00      -1   0.167E-01   20.00
   3    -0.1000     -17.498 0.2723   0.1705E-10  0.1461E-02 -0.3065E-08  0.0000E+00      -1  -0.102E-02   20.00
   4    -0.1500     -57.261 0.2479   0.5702E-12  0.2973E-03 -0.3652E-08  0.0000E+00      -1  -0.122E-02   20.00
   5    -0.2000     -99.365 0.2394   0.1098E-12  0.1388E-03 -0.1441E-09  0.0000E+00      -1  -0.480E-04   20.00
   6    -0.2500    -100.000 0.2393   0.1067E-12  0.1373E-03 -0.7954E-12  0.0000E+00      -1  -0.265E-06   20.00
   7    -0.3000    -100.000 0.2393   0.1067E-12  0.1373E-03 -0.1067E-12  0.0000E+00      -1  -0.356E-07   20.00
   8    -0.3500    -100.000 0.2393   0.1067E-12  0.1373E-03 -0.1067E-12  0.0000E+00      -1  -0.356E-07   20.00
   9    -0.4000    -100.000 0.2393   0.1067E-12  0.1373E-03 -0.1067E-12  0.0000E+00      -1  -0.356E-07   20.00
  10    -0.4500    -100.000 0.2393   0.1067E-12  0.1373E-03 -0.2852E-13  0.0000E+00      -1  -0.951E-08   20.00
  11    -0.5000     -99.927 0.2393   0.1071E-12  0.1375E-03  0.5259E-09  0.0000E+00      -1   0.175E-03   20.00
  12    -0.5500     -39.015 0.2546   0.1621E-11  0.4901E-03  0.2510E-06  0.0000E+00      -1   0.837E-01   20.00
  13    -0.6000      -3.637 0.3234   0.1416E-08  0.1124E-01  0.7519E-06  0.0000E+00      -1   0.251E+00   20.00
  14    -0.6500      -1.015 0.3801   0.3758E-07  0.4508E-01  0.1113E-05  0.0000E+00      -1   0.371E+00   20.00
  15    -0.7000      -0.451 0.4134   0.2002E-06  0.7703E-01  0.1269E-05  0.0000E+00      -1   0.423E+00   20.00
  16    -0.7500      -0.228 0.4322   0.5605E-06  0.9160E-01  0.1481E-05  0.0000E+00      -1   0.494E+00   20.00
  17    -0.8000      -0.093 0.4446   0.1370E-05  0.8601E-01  0.1948E-05  0.0000E+00      -1   0.649E+00   20.00
  18    -0.8500       0.009 0.4500   0.3000E-05  0.0000E+00  0.2250E-05  0.0000E+00      -1   0.750E+00   20.00
  19    -0.9000       0.096 0.4500   0.3000E-05  0.0000E+00  0.2250E-05  0.0000E+00      -1   0.750E+00   20.00
  20    -0.9500       0.184 0.4500   0.3000E-05  0.0000E+00  0.2250E-05  0.0000E+00      -1   0.750E+00   20.00
  21    -1.0000       0.241 0.4000   0.3000E-04  0.0000E+00  0.2250E-05  0.0000E+00      -1   0.750E+00   20.00
  22    -1.0500       0.295 0.4000   0.3000E-04  0.0000E+00  0.2250E-05  0.0000E+00      -1   0.750E+00   20.00
  23    -1.1000       0.348 0.4000   0.3000E-04  0.0000E+00  0.2250E-05  0.0000E+00      -1   0.750E+00   20.00
  24    -1.1500       0.402 0.4000   0.3000E-04  0.0000E+00  0.2250E-05  0.0000E+00      -1   0.750E+00   20.00
  25    -1.2000       0.456 0.4000   0.3000E-04  0.0000E+00  0.2250E-05  0.0000E+00      -1   0.750E+00   20.00
  26    -1.2500       0.510 0.4000   0.3000E-04  0.0000E+00  0.2250E-05  0.0000E+00      -1   0.750E+00   20.00
  27    -1.3000       0.563 0.4000   0.3000E-04  0.0000E+00  0.2250E-05  0.0000E+00      -1   0.750E+00   20.00
  28    -1.3500       0.617 0.4000   0.3000E-04  0.0000E+00  0.2250E-05  0.0000E+00      -1   0.750E+00   20.00
  29    -1.4000       0.671 0.4000   0.3000E-04  0.0000E+00  0.2250E-05  0.0000E+00      -1   0.750E+00   20.00
  30    -1.4500       0.725 0.4000   0.3000E-04  0.0000E+00  0.2250E-05  0.0000E+00      -1   0.750E+00   20.00
  31    -1.5000       0.778 0.4000   0.3000E-04  0.0000E+00  0.2250E-05  0.0000E+00      -1   0.750E+00   20.00
  32    -1.5500       0.832 0.4000   0.3000E-04  0.0000E+00  0.2250E-05  0.0000E+00      -1   0.750E+00   20.00
  33    -1.6000       0.886 0.4000   0.3000E-04  0.0000E+00  0.2250E-05  0.0000E+00      -1   0.750E+00   20.00
  34    -1.6500       0.940 0.4000   0.3000E-04  0.0000E+00  0.2250E-05  0.0000E+00      -1   0.750E+00   20.00
  35    -1.7000       0.993 0.4000   0.3000E-04  0.0000E+00  0.2250E-05  0.0000E+00      -1   0.750E+00   20.00
  36    -1.7500       1.047 0.4000   0.3000E-04  0.0000E+00  0.2250E-05  0.0000E+00      -1   0.750E+00   20.00
  37    -1.8000       1.101 0.4000   0.3000E-04  0.0000E+00  0.2250E-05  0.0000E+00      -1   0.750E+00   20.00
  38    -1.8500       1.154 0.4000   0.3000E-04  0.0000E+00  0.2250E-05  0.0000E+00      -1   0.750E+00   20.00
  39    -1.9000       1.208 0.4000   0.3000E-04  0.0000E+00  0.2250E-05  0.0000E+00      -1   0.750E+00   20.00
  40    -1.9500       1.262 0.4000   0.3000E-04  0.0000E+00  0.2250E-05  0.0000E+00      -1   0.750E+00   20.00
  41    -2.0000       1.316 0.4000   0.3000E-04  0.0000E+00  0.2249E-05  0.0000E+00      -1   0.750E+00   20.00
  42    -2.0500       1.369 0.4000   0.3000E-04  0.0000E+00  0.2249E-05  0.0000E+00      -1   0.750E+00   20.00
  43    -2.1000       1.423 0.4000   0.3000E-04  0.0000E+00  0.2250E-05  0.0000E+00      -1   0.750E+00   20.00
  44    -2.1500       1.477 0.4000   0.3000E-04  0.0000E+00  0.2250E-05  0.0000E+00      -1   0.750E+00   20.00
  45    -2.2000       1.531 0.4000   0.3000E-04  0.0000E+00  0.2249E-05  0.0000E+00      -1   0.750E+00   20.00
  46    -2.2500       1.584 0.4000   0.3000E-04  0.0000E+00  0.2249E-05  0.0000E+00      -1   0.750E+00   20.00
  47    -2.3000       1.638 0.4000   0.3000E-04  0.0000E+00  0.2249E-05  0.0000E+00      -1   0.750E+00   20.00
  48    -2.3500       1.692 0.4000   0.3000E-04  0.0000E+00  0.2250E-05  0.0000E+00      -1   0.750E+00   20.00
  49    -2.4000       1.746 0.4000   0.3000E-04  0.0000E+00  0.2250E-05  0.0000E+00      -1   0.750E+00   20.00
  50    -2.4500       1.799 0.4000   0.3000E-04  0.0000E+00  0.2250E-05  0.0000E+00      -1   0.750E+00   20.00
  51    -2.5000       1.853 0.4000   0.3000E-04  0.0000E+00  0.2250E-05  0.0000E+00      -1   0.750E+00   20.00
  52    -2.5500       1.907 0.4000   0.3000E-04  0.0000E+00  0.2250E-05  0.0000E+00      -1   0.750E+00   20.00
  53    -2.6000       1.961 0.4000   0.3000E-04  0.0000E+00  0.2250E-05  0.0000E+00      -1   0.750E+00   20.00
  54    -2.6500       2.014 0.4000   0.3000E-04  0.0000E+00  0.2250E-05  0.0000E+00      -1   0.750E+00   20.00
  55    -2.7000       2.068 0.4000   0.3000E-04  0.0000E+00  0.2249E-05  0.0000E+00      -1   0.750E+00   20.00
  56    -2.7500       2.122 0.4000   0.3000E-04  0.0000E+00  0.2249E-05  0.0000E+00      -1   0.750E+00   20.00
  57    -2.8000       2.176 0.4000   0.3000E-04  0.0000E+00  0.2249E-05  0.0000E+00      -1   0.750E+00   20.00
  58    -2.8500       2.229 0.4000   0.3000E-04  0.0000E+00  0.2249E-05  0.0000E+00      -1   0.750E+00   20.00
  59    -2.9000       2.283 0.4000   0.3000E-04  0.0000E+00  0.2249E-05  0.0000E+00      -1   0.750E+00   20.00
  60    -2.9500       2.337 0.4000   0.3000E-04  0.0000E+00  0.2249E-05  0.0000E+00      -1   0.750E+00   20.00
  61    -3.0000       2.391 0.4000   0.3000E-04  0.0000E+00  0.2249E-05  0.0000E+00      -1   0.750E+00   20.00
  62    -3.0500       2.444 0.4000   0.3000E-04  0.0000E+00  0.2249E-05  0.0000E+00      -1   0.750E+00   20.00
  63    -3.1000       2.498 0.4000   0.3000E-04  0.0000E+00  0.2249E-05  0.0000E+00      -1   0.750E+00   20.00
  64    -3.1500       2.552 0.4000   0.3000E-04  0.0000E+00  0.2249E-05  0.0000E+00      -1   0.750E+00   20.00
  65    -3.2000       2.606 0.4000   0.3000E-04  0.0000E+00  0.2249E-05  0.0000E+00      -1   0.750E+00   20.00
  66    -3.2500       2.659 0.4000   0.3000E-04  0.0000E+00  0.2249E-05  0.0000E+00      -1   0.750E+00   20.00
  67    -3.3000       2.713 0.4000   0.3000E-04  0.0000E+00  0.2249E-05  0.0000E+00      -1   0.750E+00   20.00
  68    -3.3500       2.767 0.4000   0.3000E-04  0.0000E+00  0.2249E-05  0.0000E+00      -1   0.750E+00   20.00
  69    -3.4000       2.821 0.4000   0.3000E-04  0.0000E+00  0.2249E-05  0.0000E+00      -1   0.750E+00   20.00
  70    -3.4500       2.874 0.4000   0.3000E-04  0.0000E+00  0.2249E-05  0.0000E+00      -1   0.750E+00   20.00
  71    -3.5000       2.928 0.4000   0.3000E-04  0.0000E+00  0.2249E-05  0.0000E+00      -1   0.750E+00   20.00
  72    -3.5500       2.982 0.4000   0.3000E-04  0.0000E+00  0.2249E-05  0.0000E+00      -1   0.750E+00   20.00
  73    -3.6000       3.036 0.4000   0.3000E-04  0.0000E+00  0.2249E-05  0.0000E+00      -1   0.750E+00   20.00
  74    -3.6500       3.089 0.4000   0.3000E-04  0.0000E+00  0.2249E-05  0.0000E+00      -1   0.750E+00   20.00
  75    -3.7000       3.143 0.4000   0.3000E-04  0.0000E+00  0.2249E-05  0.0000E+00      -1   0.750E+00   20.00
  76    -3.7500       3.197 0.4000   0.3000E-04  0.0000E+00  0.2249E-05  0.0000E+00      -1   0.750E+00   20.00
  77    -3.8000       3.251 0.4000   0.3000E-04  0.0000E+00  0.2249E-05  0.0000E+00      -1   0.750E+00   20.00
  78    -3.8500       3.304 0.4000   0.3000E-04  0.0000E+00  0.2250E-05  0.0000E+00      -1   0.750E+00   20.00
  79    -3.9000       3.358 0.4000   0.3000E-04  0.0000E+00  0.2250E-05  0.0000E+00      -1   0.750E+00   20.00
  80    -3.9500       3.412 0.4000   0.3000E-04  0.0000E+00  0.2250E-05  0.0000E+00      -1   0.750E+00   20.00
  81    -4.0000       3.466 0.4000   0.3000E-04  0.0000E+00  0.2250E-05  0.0000E+00      -1   0.750E+00   20.00
  82    -4.0500       3.519 0.4000   0.3000E-04  0.0000E+00  0.2250E-05  0.0000E+00      -1   0.750E+00   20.00
  83    -4.1000       3.573 0.4000   0.3000E-04  0.0000E+00  0.2250E-05  0.0000E+00      -1   0.750E+00   20.00
  84    -4.1500       3.627 0.4000   0.3000E-04  0.0000E+00  0.2250E-05  0.0000E+00      -1   0.750E+00   20.00
  85    -4.2000       3.681 0.4000   0.3000E-04  0.0000E+00  0.2250E-05  0.0000E+00      -1   0.750E+00   20.00
  86    -4.2500       3.734 0.4000   0.3000E-04  0.0000E+00  0.2250E-05  0.0000E+00      -1   0.750E+00   20.00
  87    -4.3000       3.788 0.4000   0.3000E-04  0.0000E+00  0.2250E-05  0.0000E+00      -1   0.750E+00   20.00
  88    -4.3500       3.842 0.4000   0.3000E-04  0.0000E+00  0.2250E-05  0.0000E+00      -1   0.750E+00   20.00
  89    -4.4000       3.896 0.4000   0.3000E-04  0.0000E+00  0.2250E-05  0.0000E+00      -1   0.750E+00   20.00
  90    -4.4500       3.949 0.4000   0.3000E-04  0.0000E+00  0.2250E-05  0.0000E+00      -1   0.750E+00   20.00
  91    -4.5000       4.003 0.4000   0.3000E-04  0.0000E+00  0.2250E-05  0.0000E+00      -1   0.750E+00   20.00
  92    -4.5500       4.057 0.4000   0.3000E-04  0.0000E+00  0.2250E-05  0.0000E+00      -1   0.750E+00   20.00
  93    -4.6000       4.111 0.4000   0.3000E-04  0.0000E+00  0.2250E-05  0.0000E+00      -1   0.750E+00   20.00
  94    -4.6500       4.164 0.4000   0.3000E-04  0.0000E+00  0.2250E-05  0.0000E+00      -1   0.750E+00   20.00
  95    -4.7000       4.218 0.4000   0.3000E-04  0.0000E+00  0.2250E-05  0.0000E+00      -1   0.750E+00   20.00
  96    -4.7500       4.272 0.4000   0.3000E-04  0.0000E+00  0.2249E-05  0.0000E+00      -1   0.750E+00   20.00
  97    -4.8000       4.326 0.4000   0.3000E-04  0.0000E+00  0.2249E-05  0.0000E+00      -1   0.750E+00   20.00
  98    -4.8500       4.379 0.4000   0.3000E-04  0.0000E+00  0.2249E-05  0.0000E+00      -1   0.750E+00   20.00
  99    -4.9000       4.433 0.4000   0.3000E-04  0.0000E+00  0.2249E-05  0.0000E+00      -1   0.750E+00   20.00
 100    -4.9500       4.487 0.4000   0.3000E-04  0.0000E+00  0.2249E-05  0.0000E+00      -1   0.750E+00   20.00
 101    -5.0000       4.541 0.4000   0.3000E-04  0.0000E+00  0.2250E-05  0.0000E+00      -1   0.750E+00   20.00
end
