 ******* Program HYDRUS
 ******* 
 Welcome to HYDRUS-1D                                                    
 Date:  17. 8.2020    Time:   6:18:56
 Units: L = m    , T = min  , M = mmol 

----------------------------------------------------------
 Time       [T]        0.0000
----------------------------------------------------------
 Sub-region num.                     1
----------------------------------------------------------
 Length   [L]        0.50000E+01  0.50000E+01
 W-volume [L]        0.13140E+01  0.13140E+01
 In-flow  [L/T]      0.00000E+00  0.00000E+00
 h Mean   [L]       -0.10000E+03 -0.10000E+03
 Top Flux [L/T]     -0.10673E-12
 Bot Flux [L/T]     -0.12861E-10
----------------------------------------------------------

----------------------------------------------------------
 Time       [T]    44640.0000
----------------------------------------------------------
 Sub-region num.                     1
----------------------------------------------------------
 Length   [L]        0.50000E+01  0.50000E+01
 W-volume [L]        0.20488E+01  0.20488E+01
 In-flow  [L/T]      0.00000E+00  0.00000E+00
 h Mean   [L]        0.21529E+01  0.21529E+01
 Top Flux [L/T]     -0.10138E-05
 Bot Flux [L/T]     -0.10139E-05
 WatBalT  [L]       -0.31590E-05
 WatBalR  [%]              0.000
----------------------------------------------------------
 
 Calculation time [sec]   2.77999997138977     
