 ******* Program HYDRUS
 ******* 
 Welcome to HYDRUS-1D                                                    
 Date:  17. 8.2020    Time:   6:18:56
 Units: L = m    , T = min  , M = mmol 
 
 CosAlf,MaxIt,TolTh,  TolH
 1.000   10   0.001 0.01000
 
 TopInF,BotInF,AtmBC,SinkF,WLayer,qGWLF,FreeD,SeepF,lWat,lChem,lTemp,lRoot,lWDep
     T     T     T     F     F     F     F     F     T     F     F     F     F

Nodal point information

node      x         hOld    MatN LayN  Beta      Ah       AK      ATh     Temp    Conc(1...NS)         Sorb(1...NS)

   1      0.000   -100.000    1    1   0.000    1.000    1.000    1.000
   2     -0.050   -100.000    1    1   0.000    1.000    1.000    1.000
   3     -0.100   -100.000    1    1   0.000    1.000    1.000    1.000
   4     -0.150   -100.000    1    1   0.000    1.000    1.000    1.000
   5     -0.200   -100.000    1    1   0.000    1.000    1.000    1.000
   6     -0.250   -100.000    1    1   0.000    1.000    1.000    1.000
   7     -0.300   -100.000    1    1   0.000    1.000    1.000    1.000
   8     -0.350   -100.000    1    1   0.000    1.000    1.000    1.000
   9     -0.400   -100.000    1    1   0.000    1.000    1.000    1.000
  10     -0.450   -100.000    1    1   0.000    1.000    1.000    1.000
  11     -0.500   -100.000    1    1   0.000    1.000    1.000    1.000
  12     -0.550   -100.000    1    1   0.000    1.000    1.000    1.000
  13     -0.600   -100.000    1    1   0.000    1.000    1.000    1.000
  14     -0.650   -100.000    1    1   0.000    1.000    1.000    1.000
  15     -0.700   -100.000    1    1   0.000    1.000    1.000    1.000
  16     -0.750   -100.000    1    1   0.000    1.000    1.000    1.000
  17     -0.800   -100.000    1    1   0.000    1.000    1.000    1.000
  18     -0.850   -100.000    1    1   0.000    1.000    1.000    1.000
  19     -0.900   -100.000    1    1   0.000    1.000    1.000    1.000
  20     -0.950   -100.000    1    1   0.000    1.000    1.000    1.000
  21     -1.000   -100.000    2    1   0.000    1.000    1.000    1.000
  22     -1.050   -100.000    2    1   0.000    1.000    1.000    1.000
  23     -1.100   -100.000    2    1   0.000    1.000    1.000    1.000
  24     -1.150   -100.000    2    1   0.000    1.000    1.000    1.000
  25     -1.200   -100.000    2    1   0.000    1.000    1.000    1.000
  26     -1.250   -100.000    2    1   0.000    1.000    1.000    1.000
  27     -1.300   -100.000    2    1   0.000    1.000    1.000    1.000
  28     -1.350   -100.000    2    1   0.000    1.000    1.000    1.000
  29     -1.400   -100.000    2    1   0.000    1.000    1.000    1.000
  30     -1.450   -100.000    2    1   0.000    1.000    1.000    1.000
  31     -1.500   -100.000    2    1   0.000    1.000    1.000    1.000
  32     -1.550   -100.000    2    1   0.000    1.000    1.000    1.000
  33     -1.600   -100.000    2    1   0.000    1.000    1.000    1.000
  34     -1.650   -100.000    2    1   0.000    1.000    1.000    1.000
  35     -1.700   -100.000    2    1   0.000    1.000    1.000    1.000
  36     -1.750   -100.000    2    1   0.000    1.000    1.000    1.000
  37     -1.800   -100.000    2    1   0.000    1.000    1.000    1.000
  38     -1.850   -100.000    2    1   0.000    1.000    1.000    1.000
  39     -1.900   -100.000    2    1   0.000    1.000    1.000    1.000
  40     -1.950   -100.000    2    1   0.000    1.000    1.000    1.000
  41     -2.000   -100.000    2    1   0.000    1.000    1.000    1.000
  42     -2.050   -100.000    2    1   0.000    1.000    1.000    1.000
  43     -2.100   -100.000    2    1   0.000    1.000    1.000    1.000
  44     -2.150   -100.000    2    1   0.000    1.000    1.000    1.000
  45     -2.200   -100.000    2    1   0.000    1.000    1.000    1.000
  46     -2.250   -100.000    2    1   0.000    1.000    1.000    1.000
  47     -2.300   -100.000    2    1   0.000    1.000    1.000    1.000
  48     -2.350   -100.000    2    1   0.000    1.000    1.000    1.000
  49     -2.400   -100.000    2    1   0.000    1.000    1.000    1.000
  50     -2.450   -100.000    2    1   0.000    1.000    1.000    1.000
  51     -2.500   -100.000    2    1   0.000    1.000    1.000    1.000
  52     -2.550   -100.000    2    1   0.000    1.000    1.000    1.000
  53     -2.600   -100.000    2    1   0.000    1.000    1.000    1.000
  54     -2.650   -100.000    2    1   0.000    1.000    1.000    1.000
  55     -2.700   -100.000    2    1   0.000    1.000    1.000    1.000
  56     -2.750   -100.000    2    1   0.000    1.000    1.000    1.000
  57     -2.800   -100.000    2    1   0.000    1.000    1.000    1.000
  58     -2.850   -100.000    2    1   0.000    1.000    1.000    1.000
  59     -2.900   -100.000    2    1   0.000    1.000    1.000    1.000
  60     -2.950   -100.000    2    1   0.000    1.000    1.000    1.000
  61     -3.000   -100.000    2    1   0.000    1.000    1.000    1.000
  62     -3.050   -100.000    2    1   0.000    1.000    1.000    1.000
  63     -3.100   -100.000    2    1   0.000    1.000    1.000    1.000
  64     -3.150   -100.000    2    1   0.000    1.000    1.000    1.000
  65     -3.200   -100.000    2    1   0.000    1.000    1.000    1.000
  66     -3.250   -100.000    2    1   0.000    1.000    1.000    1.000
  67     -3.300   -100.000    2    1   0.000    1.000    1.000    1.000
  68     -3.350   -100.000    2    1   0.000    1.000    1.000    1.000
  69     -3.400   -100.000    2    1   0.000    1.000    1.000    1.000
  70     -3.450   -100.000    2    1   0.000    1.000    1.000    1.000
  71     -3.500   -100.000    2    1   0.000    1.000    1.000    1.000
  72     -3.550   -100.000    2    1   0.000    1.000    1.000    1.000
  73     -3.600   -100.000    2    1   0.000    1.000    1.000    1.000
  74     -3.650   -100.000    2    1   0.000    1.000    1.000    1.000
  75     -3.700   -100.000    2    1   0.000    1.000    1.000    1.000
  76     -3.750   -100.000    2    1   0.000    1.000    1.000    1.000
  77     -3.800   -100.000    2    1   0.000    1.000    1.000    1.000
  78     -3.850   -100.000    2    1   0.000    1.000    1.000    1.000
  79     -3.900   -100.000    2    1   0.000    1.000    1.000    1.000
  80     -3.950   -100.000    2    1   0.000    1.000    1.000    1.000
  81     -4.000   -100.000    2    1   0.000    1.000    1.000    1.000
  82     -4.050   -100.000    2    1   0.000    1.000    1.000    1.000
  83     -4.100   -100.000    2    1   0.000    1.000    1.000    1.000
  84     -4.150   -100.000    2    1   0.000    1.000    1.000    1.000
  85     -4.200   -100.000    2    1   0.000    1.000    1.000    1.000
  86     -4.250   -100.000    2    1   0.000    1.000    1.000    1.000
  87     -4.300   -100.000    2    1   0.000    1.000    1.000    1.000
  88     -4.350   -100.000    2    1   0.000    1.000    1.000    1.000
  89     -4.400   -100.000    2    1   0.000    1.000    1.000    1.000
  90     -4.450   -100.000    2    1   0.000    1.000    1.000    1.000
  91     -4.500   -100.000    2    1   0.000    1.000    1.000    1.000
  92     -4.550   -100.000    2    1   0.000    1.000    1.000    1.000
  93     -4.600   -100.000    2    1   0.000    1.000    1.000    1.000
  94     -4.650   -100.000    2    1   0.000    1.000    1.000    1.000
  95     -4.700   -100.000    2    1   0.000    1.000    1.000    1.000
  96     -4.750   -100.000    2    1   0.000    1.000    1.000    1.000
  97     -4.800   -100.000    2    1   0.000    1.000    1.000    1.000
  98     -4.850   -100.000    2    1   0.000    1.000    1.000    1.000
  99     -4.900   -100.000    2    1   0.000    1.000    1.000    1.000
 100     -4.950   -100.000    2    1   0.000    1.000    1.000    1.000
 101     -5.000   -100.000    2    1   0.000    1.000    1.000    1.000
end

 Number of species in the chain :   0


MatNum, Param. array:

   Mat     Qr     Qs        Alfa         n          Ks      l       Qm     Qa     Qk       Kk

    1    0.200  0.450   0.200E+01   0.135E+01   0.300E-05  0.500
    2    0.110  0.400   0.250E+01   0.111E+01   0.300E-04  0.500

       Table of Hydraulic Properties which are interpolated in simulation
       =================================================================

  theta         h        log h        C             K        log K          S          Kv
 
  0.4500  -0.100E-07 -0.8000E+01  0.0000E+00  0.3000E-05 -0.5523E+01    1.0000  0.0000E+00
  0.4500  -0.126E-07 -0.7899E+01  0.0000E+00  0.3000E-05 -0.5523E+01    1.0000  0.0000E+00
  0.4500  -0.159E-07 -0.7798E+01  0.0000E+00  0.3000E-05 -0.5523E+01    1.0000  0.0000E+00
  0.4500  -0.201E-07 -0.7697E+01  0.0000E+00  0.3000E-05 -0.5523E+01    1.0000  0.0000E+00
  0.4500  -0.254E-07 -0.7596E+01  0.0000E+00  0.3000E-05 -0.5523E+01    1.0000  0.0000E+00
  0.4500  -0.320E-07 -0.7495E+01  0.0000E+00  0.3000E-05 -0.5523E+01    1.0000  0.0000E+00
  0.4500  -0.404E-07 -0.7394E+01  0.0000E+00  0.3000E-05 -0.5523E+01    1.0000  0.0000E+00
  0.4500  -0.509E-07 -0.7293E+01  0.0000E+00  0.3000E-05 -0.5523E+01    1.0000  0.0000E+00
  0.4500  -0.643E-07 -0.7192E+01  0.0000E+00  0.3000E-05 -0.5523E+01    1.0000  0.0000E+00
  0.4500  -0.811E-07 -0.7091E+01  0.0000E+00  0.3000E-05 -0.5523E+01    1.0000  0.0000E+00
  0.4500  -0.102E-06 -0.6990E+01  0.0000E+00  0.3000E-05 -0.5523E+01    1.0000  0.0000E+00
  0.4500  -0.129E-06 -0.6889E+01  0.0000E+00  0.3000E-05 -0.5523E+01    1.0000  0.0000E+00
  0.4500  -0.163E-06 -0.6788E+01  0.0000E+00  0.3000E-05 -0.5523E+01    1.0000  0.0000E+00
  0.4500  -0.206E-06 -0.6687E+01  0.0000E+00  0.3000E-05 -0.5523E+01    1.0000  0.0000E+00
  0.4500  -0.260E-06 -0.6586E+01  0.0000E+00  0.3000E-05 -0.5523E+01    1.0000  0.0000E+00
  0.4500  -0.327E-06 -0.6485E+01  0.0000E+00  0.3000E-05 -0.5523E+01    1.0000  0.0000E+00
  0.4500  -0.413E-06 -0.6384E+01  0.0000E+00  0.3000E-05 -0.5523E+01    1.0000  0.0000E+00
  0.4500  -0.521E-06 -0.6283E+01  0.0000E+00  0.3000E-05 -0.5523E+01    1.0000  0.0000E+00
  0.4500  -0.658E-06 -0.6182E+01  0.0000E+00  0.3000E-05 -0.5523E+01    1.0000  0.0000E+00
  0.4500  -0.830E-06 -0.6081E+01  0.0000E+00  0.3000E-05 -0.5523E+01    1.0000  0.0000E+00
  0.4500  -0.105E-05 -0.5980E+01  0.0000E+00  0.3000E-05 -0.5523E+01    1.0000  0.0000E+00
  0.4500  -0.132E-05 -0.5879E+01  0.0000E+00  0.3000E-05 -0.5523E+01    1.0000  0.0000E+00
  0.4500  -0.167E-05 -0.5778E+01  0.0000E+00  0.3000E-05 -0.5523E+01    1.0000  0.0000E+00
  0.4500  -0.210E-05 -0.5677E+01  0.0000E+00  0.3000E-05 -0.5523E+01    1.0000  0.0000E+00
  0.4500  -0.266E-05 -0.5576E+01  0.0000E+00  0.3000E-05 -0.5523E+01    1.0000  0.0000E+00
  0.4500  -0.335E-05 -0.5475E+01  0.0000E+00  0.3000E-05 -0.5523E+01    1.0000  0.0000E+00
  0.4500  -0.423E-05 -0.5374E+01  0.0000E+00  0.3000E-05 -0.5523E+01    1.0000  0.0000E+00
  0.4500  -0.534E-05 -0.5273E+01  0.0000E+00  0.3000E-05 -0.5523E+01    1.0000  0.0000E+00
  0.4500  -0.673E-05 -0.5172E+01  0.0000E+00  0.3000E-05 -0.5523E+01    1.0000  0.0000E+00
  0.4500  -0.850E-05 -0.5071E+01  0.0000E+00  0.3000E-05 -0.5523E+01    1.0000  0.0000E+00
  0.4500  -0.107E-04 -0.4970E+01  0.0000E+00  0.3000E-05 -0.5523E+01    1.0000  0.0000E+00
  0.4500  -0.135E-04 -0.4869E+01  0.0000E+00  0.3000E-05 -0.5523E+01    1.0000  0.0000E+00
  0.4500  -0.171E-04 -0.4768E+01  0.0000E+00  0.3000E-05 -0.5523E+01    1.0000  0.0000E+00
  0.4500  -0.215E-04 -0.4667E+01  0.0000E+00  0.3000E-05 -0.5523E+01    1.0000  0.0000E+00
  0.4500  -0.272E-04 -0.4566E+01  0.0000E+00  0.3000E-05 -0.5523E+01    1.0000  0.0000E+00
  0.4500  -0.343E-04 -0.4465E+01  0.0000E+00  0.3000E-05 -0.5523E+01    1.0000  0.0000E+00
  0.4500  -0.433E-04 -0.4364E+01  0.0000E+00  0.3000E-05 -0.5523E+01    1.0000  0.0000E+00
  0.4500  -0.546E-04 -0.4263E+01  0.0000E+00  0.3000E-05 -0.5523E+01    1.0000  0.0000E+00
  0.4500  -0.689E-04 -0.4162E+01  0.0000E+00  0.3000E-05 -0.5523E+01    1.0000  0.0000E+00
  0.4500  -0.870E-04 -0.4061E+01  0.0000E+00  0.3000E-05 -0.5523E+01    1.0000  0.0000E+00
  0.4500  -0.110E-03 -0.3960E+01  0.0000E+00  0.3000E-05 -0.5523E+01    1.0000  0.0000E+00
  0.4500  -0.138E-03 -0.3859E+01  0.0000E+00  0.3000E-05 -0.5523E+01    1.0000  0.0000E+00
  0.4500  -0.175E-03 -0.3758E+01  0.0000E+00  0.3000E-05 -0.5523E+01    1.0000  0.0000E+00
  0.4500  -0.221E-03 -0.3657E+01  0.0000E+00  0.3000E-05 -0.5523E+01    1.0000  0.0000E+00
  0.4500  -0.278E-03 -0.3556E+01  0.0000E+00  0.3000E-05 -0.5523E+01    1.0000  0.0000E+00
  0.4500  -0.351E-03 -0.3455E+01  0.0000E+00  0.3000E-05 -0.5523E+01    1.0000  0.0000E+00
  0.4500  -0.443E-03 -0.3354E+01  0.0000E+00  0.3000E-05 -0.5523E+01    1.0000  0.0000E+00
  0.4500  -0.559E-03 -0.3253E+01  0.0000E+00  0.3000E-05 -0.5523E+01    1.0000  0.0000E+00
  0.4500  -0.705E-03 -0.3152E+01  0.0000E+00  0.3000E-05 -0.5523E+01    1.0000  0.0000E+00
  0.4500  -0.890E-03 -0.3051E+01  0.0000E+00  0.3000E-05 -0.5523E+01    1.0000  0.0000E+00
  0.4500  -0.112E-02 -0.2949E+01  0.0000E+00  0.3000E-05 -0.5523E+01    1.0000  0.0000E+00
  0.4500  -0.142E-02 -0.2848E+01  0.0000E+00  0.3000E-05 -0.5523E+01    1.0000  0.0000E+00
  0.4500  -0.179E-02 -0.2747E+01  0.0000E+00  0.3000E-05 -0.5523E+01    1.0000  0.0000E+00
  0.4500  -0.226E-02 -0.2646E+01  0.0000E+00  0.3000E-05 -0.5523E+01    1.0000  0.0000E+00
  0.4500  -0.285E-02 -0.2545E+01  0.0000E+00  0.3000E-05 -0.5523E+01    1.0000  0.0000E+00
  0.4500  -0.359E-02 -0.2444E+01  0.0000E+00  0.3000E-05 -0.5523E+01    1.0000  0.0000E+00
  0.4500  -0.453E-02 -0.2343E+01  0.0000E+00  0.3000E-05 -0.5523E+01    1.0000  0.0000E+00
  0.4500  -0.572E-02 -0.2242E+01  0.0000E+00  0.3000E-05 -0.5523E+01    1.0000  0.0000E+00
  0.4500  -0.722E-02 -0.2141E+01  0.0000E+00  0.3000E-05 -0.5523E+01    1.0000  0.0000E+00
  0.4500  -0.911E-02 -0.2040E+01  0.0000E+00  0.3000E-05 -0.5523E+01    1.0000  0.0000E+00
  0.4500  -0.115E-01 -0.1939E+01  0.0000E+00  0.3000E-05 -0.5523E+01    1.0000  0.0000E+00
  0.4500  -0.145E-01 -0.1838E+01  0.0000E+00  0.3000E-05 -0.5523E+01    1.0000  0.0000E+00
  0.4500  -0.183E-01 -0.1737E+01  0.0000E+00  0.3000E-05 -0.5523E+01    1.0000  0.0000E+00
  0.4498  -0.231E-01 -0.1636E+01  0.5869E-01  0.2855E-05 -0.5544E+01    0.9993  0.2879E-23
  0.4495  -0.292E-01 -0.1535E+01  0.6321E-01  0.2614E-05 -0.5583E+01    0.9978  0.1217E-21
  0.4490  -0.368E-01 -0.1434E+01  0.6791E-01  0.2366E-05 -0.5626E+01    0.9958  0.1063E-20
  0.4483  -0.464E-01 -0.1333E+01  0.7270E-01  0.2114E-05 -0.5675E+01    0.9931  0.5605E-20
  0.4474  -0.586E-01 -0.1232E+01  0.7746E-01  0.1860E-05 -0.5731E+01    0.9894  0.2310E-19
  0.4461  -0.739E-01 -0.1131E+01  0.8203E-01  0.1607E-05 -0.5794E+01    0.9845  0.8230E-19
  0.4445  -0.933E-01 -0.1030E+01  0.8616E-01  0.1361E-05 -0.5866E+01    0.9780  0.2660E-18
  0.4424  -0.118E+00 -0.9293E+00  0.8955E-01  0.1124E-05 -0.5949E+01    0.9694  0.7992E-18
  0.4396  -0.148E+00 -0.8283E+00  0.9181E-01  0.9039E-06 -0.6044E+01    0.9582  0.2261E-17
  0.4360  -0.187E+00 -0.7273E+00  0.9255E-01  0.7043E-06 -0.6152E+01    0.9439  0.6056E-17
  0.4314  -0.236E+00 -0.6263E+00  0.9140E-01  0.5299E-06 -0.6276E+01    0.9258  0.1536E-16
  0.4259  -0.298E+00 -0.5253E+00  0.8810E-01  0.3838E-06 -0.6416E+01    0.9035  0.3682E-16
  0.4192  -0.376E+00 -0.4242E+00  0.8261E-01  0.2670E-06 -0.6573E+01    0.8768  0.8313E-16
  0.4114  -0.475E+00 -0.3232E+00  0.7520E-01  0.1782E-06 -0.6749E+01    0.8457  0.1761E-15
  0.4026  -0.599E+00 -0.2222E+00  0.6636E-01  0.1142E-06 -0.6942E+01    0.8105  0.3493E-15
  0.3930  -0.756E+00 -0.1212E+00  0.5681E-01  0.7040E-07 -0.7152E+01    0.7720  0.6478E-15
  0.3827  -0.955E+00 -0.2020E-01  0.4726E-01  0.4190E-07 -0.7378E+01    0.7309  0.1125E-14
  0.3721  -0.120E+01  0.8081E-01  0.3831E-01  0.2418E-07 -0.7617E+01    0.6884  0.1835E-14
  0.3613  -0.152E+01  0.1818E+00  0.3038E-01  0.1359E-07 -0.7867E+01    0.6453  0.2823E-14
  0.3507  -0.192E+01  0.2828E+00  0.2365E-01  0.7479E-08 -0.8126E+01    0.6027  0.4121E-14
  0.3403  -0.242E+01  0.3838E+00  0.1813E-01  0.4046E-08 -0.8393E+01    0.5612  0.5742E-14
  0.3303  -0.305E+01  0.4848E+00  0.1374E-01  0.2159E-08 -0.8666E+01    0.5212  0.7677E-14
  0.3208  -0.385E+01  0.5859E+00  0.1032E-01  0.1141E-08 -0.8943E+01    0.4832  0.9903E-14
  0.3118  -0.486E+01  0.6869E+00  0.7692E-02  0.5978E-09 -0.9223E+01    0.4473  0.1239E-13
  0.3034  -0.614E+01  0.7879E+00  0.5705E-02  0.3115E-09 -0.9507E+01    0.4136  0.1509E-13
  0.2955  -0.774E+01  0.8889E+00  0.4214E-02  0.1616E-09 -0.9792E+01    0.3821  0.1795E-13
  0.2882  -0.977E+01  0.9899E+00  0.3104E-02  0.8355E-10 -0.1008E+02    0.3529  0.2095E-13
  0.2814  -0.123E+02  0.1091E+01  0.2281E-02  0.4310E-10 -0.1037E+02    0.3257  0.2402E-13
  0.2751  -0.156E+02  0.1192E+01  0.1674E-02  0.2219E-10 -0.1065E+02    0.3005  0.2714E-13
  0.2693  -0.196E+02  0.1293E+01  0.1227E-02  0.1141E-10 -0.1094E+02    0.2772  0.3026E-13
  0.2639  -0.248E+02  0.1394E+01  0.8984E-03  0.5862E-11 -0.1123E+02    0.2556  0.3336E-13
  0.2589  -0.313E+02  0.1495E+01  0.6575E-03  0.3009E-11 -0.1152E+02    0.2357  0.3641E-13
  0.2543  -0.394E+02  0.1596E+01  0.4809E-03  0.1544E-11 -0.1181E+02    0.2174  0.3939E-13
  0.2501  -0.498E+02  0.1697E+01  0.3516E-03  0.7920E-12 -0.1210E+02    0.2004  0.4228E-13
  0.2462  -0.628E+02  0.1798E+01  0.2571E-03  0.4061E-12 -0.1239E+02    0.1848  0.4505E-13
  0.2426  -0.792E+02  0.1899E+01  0.1879E-03  0.2082E-12 -0.1268E+02    0.1703  0.4771E-13
  0.2393  -0.100E+03  0.2000E+01  0.1373E-03  0.1067E-12 -0.1297E+02    0.1570  0.5023E-13
end
 
  0.4000  -0.100E-07 -0.8000E+01  0.0000E+00  0.3000E-04 -0.4523E+01    1.0000  0.0000E+00
  0.4000  -0.126E-07 -0.7899E+01  0.0000E+00  0.3000E-04 -0.4523E+01    1.0000  0.0000E+00
  0.4000  -0.159E-07 -0.7798E+01  0.0000E+00  0.3000E-04 -0.4523E+01    1.0000  0.0000E+00
  0.4000  -0.201E-07 -0.7697E+01  0.0000E+00  0.3000E-04 -0.4523E+01    1.0000  0.0000E+00
  0.4000  -0.254E-07 -0.7596E+01  0.0000E+00  0.3000E-04 -0.4523E+01    1.0000  0.0000E+00
  0.4000  -0.320E-07 -0.7495E+01  0.0000E+00  0.3000E-04 -0.4523E+01    1.0000  0.0000E+00
  0.4000  -0.404E-07 -0.7394E+01  0.0000E+00  0.3000E-04 -0.4523E+01    1.0000  0.0000E+00
  0.4000  -0.509E-07 -0.7293E+01  0.0000E+00  0.3000E-04 -0.4523E+01    1.0000  0.0000E+00
  0.4000  -0.643E-07 -0.7192E+01  0.0000E+00  0.3000E-04 -0.4523E+01    1.0000  0.0000E+00
  0.4000  -0.811E-07 -0.7091E+01  0.0000E+00  0.3000E-04 -0.4523E+01    1.0000  0.0000E+00
  0.4000  -0.102E-06 -0.6990E+01  0.0000E+00  0.3000E-04 -0.4523E+01    1.0000  0.0000E+00
  0.4000  -0.129E-06 -0.6889E+01  0.0000E+00  0.3000E-04 -0.4523E+01    1.0000  0.0000E+00
  0.4000  -0.163E-06 -0.6788E+01  0.0000E+00  0.3000E-04 -0.4523E+01    1.0000  0.0000E+00
  0.4000  -0.206E-06 -0.6687E+01  0.0000E+00  0.3000E-04 -0.4523E+01    1.0000  0.0000E+00
  0.4000  -0.260E-06 -0.6586E+01  0.0000E+00  0.3000E-04 -0.4523E+01    1.0000  0.0000E+00
  0.4000  -0.327E-06 -0.6485E+01  0.0000E+00  0.3000E-04 -0.4523E+01    1.0000  0.0000E+00
  0.4000  -0.413E-06 -0.6384E+01  0.0000E+00  0.3000E-04 -0.4523E+01    1.0000  0.0000E+00
  0.4000  -0.521E-06 -0.6283E+01  0.0000E+00  0.3000E-04 -0.4523E+01    1.0000  0.0000E+00
  0.4000  -0.658E-06 -0.6182E+01  0.0000E+00  0.3000E-04 -0.4523E+01    1.0000  0.0000E+00
  0.4000  -0.830E-06 -0.6081E+01  0.0000E+00  0.3000E-04 -0.4523E+01    1.0000  0.0000E+00
  0.4000  -0.105E-05 -0.5980E+01  0.0000E+00  0.3000E-04 -0.4523E+01    1.0000  0.0000E+00
  0.4000  -0.132E-05 -0.5879E+01  0.0000E+00  0.3000E-04 -0.4523E+01    1.0000  0.0000E+00
  0.4000  -0.167E-05 -0.5778E+01  0.0000E+00  0.3000E-04 -0.4523E+01    1.0000  0.0000E+00
  0.4000  -0.210E-05 -0.5677E+01  0.0000E+00  0.3000E-04 -0.4523E+01    1.0000  0.0000E+00
  0.4000  -0.266E-05 -0.5576E+01  0.0000E+00  0.3000E-04 -0.4523E+01    1.0000  0.0000E+00
  0.4000  -0.335E-05 -0.5475E+01  0.0000E+00  0.3000E-04 -0.4523E+01    1.0000  0.0000E+00
  0.4000  -0.423E-05 -0.5374E+01  0.0000E+00  0.3000E-04 -0.4523E+01    1.0000  0.0000E+00
  0.4000  -0.534E-05 -0.5273E+01  0.0000E+00  0.3000E-04 -0.4523E+01    1.0000  0.0000E+00
  0.4000  -0.673E-05 -0.5172E+01  0.0000E+00  0.3000E-04 -0.4523E+01    1.0000  0.0000E+00
  0.4000  -0.850E-05 -0.5071E+01  0.0000E+00  0.3000E-04 -0.4523E+01    1.0000  0.0000E+00
  0.4000  -0.107E-04 -0.4970E+01  0.0000E+00  0.3000E-04 -0.4523E+01    1.0000  0.0000E+00
  0.4000  -0.135E-04 -0.4869E+01  0.0000E+00  0.3000E-04 -0.4523E+01    1.0000  0.0000E+00
  0.4000  -0.171E-04 -0.4768E+01  0.0000E+00  0.3000E-04 -0.4523E+01    1.0000  0.0000E+00
  0.4000  -0.215E-04 -0.4667E+01  0.0000E+00  0.3000E-04 -0.4523E+01    1.0000  0.0000E+00
  0.4000  -0.272E-04 -0.4566E+01  0.0000E+00  0.3000E-04 -0.4523E+01    1.0000  0.0000E+00
  0.4000  -0.343E-04 -0.4465E+01  0.0000E+00  0.3000E-04 -0.4523E+01    1.0000  0.0000E+00
  0.4000  -0.433E-04 -0.4364E+01  0.0000E+00  0.3000E-04 -0.4523E+01    1.0000  0.0000E+00
  0.4000  -0.546E-04 -0.4263E+01  0.0000E+00  0.3000E-04 -0.4523E+01    1.0000  0.0000E+00
  0.4000  -0.689E-04 -0.4162E+01  0.0000E+00  0.3000E-04 -0.4523E+01    1.0000  0.0000E+00
  0.4000  -0.870E-04 -0.4061E+01  0.0000E+00  0.3000E-04 -0.4523E+01    1.0000  0.0000E+00
  0.4000  -0.110E-03 -0.3960E+01  0.0000E+00  0.3000E-04 -0.4523E+01    1.0000  0.0000E+00
  0.4000  -0.138E-03 -0.3859E+01  0.0000E+00  0.3000E-04 -0.4523E+01    1.0000  0.0000E+00
  0.4000  -0.175E-03 -0.3758E+01  0.0000E+00  0.3000E-04 -0.4523E+01    1.0000  0.0000E+00
  0.4000  -0.221E-03 -0.3657E+01  0.0000E+00  0.3000E-04 -0.4523E+01    1.0000  0.0000E+00
  0.4000  -0.278E-03 -0.3556E+01  0.0000E+00  0.3000E-04 -0.4523E+01    1.0000  0.0000E+00
  0.4000  -0.351E-03 -0.3455E+01  0.0000E+00  0.3000E-04 -0.4523E+01    1.0000  0.0000E+00
  0.4000  -0.443E-03 -0.3354E+01  0.0000E+00  0.3000E-04 -0.4523E+01    1.0000  0.0000E+00
  0.4000  -0.559E-03 -0.3253E+01  0.0000E+00  0.3000E-04 -0.4523E+01    1.0000  0.0000E+00
  0.4000  -0.705E-03 -0.3152E+01  0.0000E+00  0.3000E-04 -0.4523E+01    1.0000  0.0000E+00
  0.4000  -0.890E-03 -0.3051E+01  0.0000E+00  0.3000E-04 -0.4523E+01    1.0000  0.0000E+00
  0.4000  -0.112E-02 -0.2949E+01  0.0000E+00  0.3000E-04 -0.4523E+01    1.0000  0.0000E+00
  0.4000  -0.142E-02 -0.2848E+01  0.0000E+00  0.3000E-04 -0.4523E+01    1.0000  0.0000E+00
  0.4000  -0.179E-02 -0.2747E+01  0.0000E+00  0.3000E-04 -0.4523E+01    1.0000  0.0000E+00
  0.4000  -0.226E-02 -0.2646E+01  0.0000E+00  0.3000E-04 -0.4523E+01    1.0000  0.0000E+00
  0.4000  -0.285E-02 -0.2545E+01  0.0000E+00  0.3000E-04 -0.4523E+01    1.0000  0.0000E+00
  0.4000  -0.359E-02 -0.2444E+01  0.0000E+00  0.3000E-04 -0.4523E+01    1.0000  0.0000E+00
  0.4000  -0.453E-02 -0.2343E+01  0.0000E+00  0.3000E-04 -0.4523E+01    1.0000  0.0000E+00
  0.4000  -0.572E-02 -0.2242E+01  0.0000E+00  0.3000E-04 -0.4523E+01    1.0000  0.0000E+00
  0.4000  -0.722E-02 -0.2141E+01  0.0000E+00  0.3000E-04 -0.4523E+01    1.0000  0.0000E+00
  0.4000  -0.911E-02 -0.2040E+01  0.0000E+00  0.3000E-04 -0.4523E+01    1.0000  0.0000E+00
  0.4000  -0.115E-01 -0.1939E+01  0.0000E+00  0.3000E-04 -0.4523E+01    1.0000  0.0000E+00
  0.4000  -0.145E-01 -0.1838E+01  0.0000E+00  0.3000E-04 -0.4523E+01    1.0000  0.0000E+00
  0.4000  -0.183E-01 -0.1737E+01  0.0000E+00  0.3000E-04 -0.4523E+01    1.0000  0.0000E+00
  0.3998  -0.231E-01 -0.1636E+01  0.5588E-01  0.2770E-04 -0.4557E+01    0.9994  0.3287E-23
  0.3995  -0.292E-01 -0.1535E+01  0.5659E-01  0.2415E-04 -0.4617E+01    0.9982  0.1242E-21
  0.3991  -0.368E-01 -0.1434E+01  0.5710E-01  0.2080E-04 -0.4682E+01    0.9967  0.9590E-21
  0.3985  -0.464E-01 -0.1333E+01  0.5735E-01  0.1769E-04 -0.4752E+01    0.9948  0.4427E-20
  0.3978  -0.586E-01 -0.1232E+01  0.5728E-01  0.1482E-04 -0.4829E+01    0.9924  0.1581E-19
  0.3969  -0.739E-01 -0.1131E+01  0.5681E-01  0.1221E-04 -0.4913E+01    0.9894  0.4839E-19
  0.3958  -0.933E-01 -0.1030E+01  0.5587E-01  0.9883E-05 -0.5005E+01    0.9856  0.1333E-18
  0.3945  -0.118E+00 -0.9293E+00  0.5440E-01  0.7843E-05 -0.5106E+01    0.9810  0.3394E-18
  0.3928  -0.148E+00 -0.8283E+00  0.5233E-01  0.6092E-05 -0.5215E+01    0.9753  0.8109E-18
  0.3909  -0.187E+00 -0.7273E+00  0.4966E-01  0.4626E-05 -0.5335E+01    0.9685  0.1833E-17
  0.3885  -0.236E+00 -0.6263E+00  0.4640E-01  0.3431E-05 -0.5465E+01    0.9604  0.3938E-17
  0.3858  -0.298E+00 -0.5253E+00  0.4263E-01  0.2483E-05 -0.5605E+01    0.9509  0.8058E-17
  0.3826  -0.376E+00 -0.4242E+00  0.3848E-01  0.1753E-05 -0.5756E+01    0.9400  0.1573E-16
  0.3790  -0.475E+00 -0.3232E+00  0.3411E-01  0.1209E-05 -0.5918E+01    0.9276  0.2929E-16
  0.3751  -0.599E+00 -0.2222E+00  0.2969E-01  0.8147E-06 -0.6089E+01    0.9140  0.5210E-16
  0.3708  -0.756E+00 -0.1212E+00  0.2540E-01  0.5376E-06 -0.6270E+01    0.8991  0.8861E-16
  0.3661  -0.955E+00 -0.2020E-01  0.2138E-01  0.3480E-06 -0.6458E+01    0.8832  0.1444E-15
  0.3613  -0.120E+01  0.8081E-01  0.1773E-01  0.2216E-06 -0.6654E+01    0.8665  0.2258E-15
  0.3562  -0.152E+01  0.1818E+00  0.1452E-01  0.1390E-06 -0.6857E+01    0.8491  0.3399E-15
  0.3510  -0.192E+01  0.2828E+00  0.1176E-01  0.8616E-07 -0.7065E+01    0.8311  0.4939E-15
  0.3457  -0.242E+01  0.3838E+00  0.9436E-02  0.5286E-07 -0.7277E+01    0.8129  0.6948E-15
  0.3404  -0.305E+01  0.4848E+00  0.7513E-02  0.3216E-07 -0.7493E+01    0.7946  0.9494E-15
  0.3351  -0.385E+01  0.5859E+00  0.5944E-02  0.1943E-07 -0.7711E+01    0.7762  0.1263E-14
  0.3298  -0.486E+01  0.6869E+00  0.4679E-02  0.1168E-07 -0.7933E+01    0.7578  0.1642E-14
  0.3245  -0.614E+01  0.7879E+00  0.3668E-02  0.6988E-08 -0.8156E+01    0.7397  0.2089E-14
  0.3193  -0.774E+01  0.8889E+00  0.2867E-02  0.4167E-08 -0.8380E+01    0.7218  0.2609E-14
  0.3142  -0.977E+01  0.9899E+00  0.2235E-02  0.2478E-08 -0.8606E+01    0.7041  0.3202E-14
  0.3092  -0.123E+02  0.1091E+01  0.1738E-02  0.1471E-08 -0.8832E+01    0.6868  0.3871E-14
  0.3042  -0.156E+02  0.1192E+01  0.1350E-02  0.8714E-09 -0.9060E+01    0.6697  0.4617E-14
  0.2994  -0.196E+02  0.1293E+01  0.1047E-02  0.5157E-09 -0.9288E+01    0.6531  0.5438E-14
  0.2947  -0.248E+02  0.1394E+01  0.8117E-03  0.3048E-09 -0.9516E+01    0.6368  0.6336E-14
  0.2900  -0.313E+02  0.1495E+01  0.6286E-03  0.1801E-09 -0.9745E+01    0.6208  0.7308E-14
  0.2855  -0.394E+02  0.1596E+01  0.4865E-03  0.1063E-09 -0.9973E+01    0.6052  0.8352E-14
  0.2811  -0.498E+02  0.1697E+01  0.3764E-03  0.6272E-10 -0.1020E+02    0.5900  0.9467E-14
  0.2768  -0.628E+02  0.1798E+01  0.2911E-03  0.3699E-10 -0.1043E+02    0.5752  0.1065E-13
  0.2726  -0.792E+02  0.1899E+01  0.2251E-03  0.2182E-10 -0.1066E+02    0.5607  0.1189E-13
  0.2685  -0.100E+03  0.2000E+01  0.1740E-03  0.1286E-10 -0.1089E+02    0.5466  0.1320E-13
end
